# JRE version: OpenJDK Runtime Environment (8.0_152-b02) (build 1.8.0_152-release-1024-b02)
# Java VM: OpenJDK 64-Bit Server VM (25.152-b02 mixed mode windows-amd64 compressed oops)
Heap:
 PSYoungGen      total 303104K, used 91119K [0x00000000e0000000, 0x00000000fc300000, 0x0000000100000000)
  eden space 211968K, 0% used [0x00000000e0000000,0x00000000e0000000,0x00000000ecf00000)
  from space 91136K, 99% used [0x00000000ecf00000,0x00000000f27fbcb0,0x00000000f2800000)
  to   space 111104K, 0% used [0x00000000f5680000,0x00000000f5680000,0x00000000fc300000)
 ParOldGen       total 178688K, used 153650K [0x00000000a0000000, 0x00000000aae80000, 0x00000000e0000000)
  object space 178688K, 85% used [0x00000000a0000000,0x00000000a960cb20,0x00000000aae80000)
 Metaspace       used 128917K, capacity 133474K, committed 133760K, reserved 1167360K
  class space    used 15623K, capacity 16418K, committed 16512K, reserved 1048576K
GC Heap History (10 events):
Event: 1956.357 GC heap after
Heap after GC invocations=25 (full 4):
 PSYoungGen      total 280576K, used 40956K [0x00000000e0000000, 0x00000000f5f00000, 0x0000000100000000)
  eden space 239616K, 0% used [0x00000000e0000000,0x00000000e0000000,0x00000000eea00000)
  from space 40960K, 99% used [0x00000000eea00000,0x00000000f11ff210,0x00000000f1200000)
  to   space 53248K, 0% used [0x00000000f2b00000,0x00000000f2b00000,0x00000000f5f00000)
 ParOldGen       total 178688K, used 96077K [0x00000000a0000000, 0x00000000aae80000, 0x00000000e0000000)
  object space 178688K, 53% used [0x00000000a0000000,0x00000000a5dd37d8,0x00000000aae80000)
 Metaspace       used 111218K, capacity 115048K, committed 115328K, reserved 1150976K
  class space    used 13659K, capacity 14361K, committed 14464K, reserved 1048576K
}
Event: 3639.456 GC heap before
{Heap before GC invocations=26 (full 4):
 PSYoungGen      total 280576K, used 280572K [0x00000000e0000000, 0x00000000f5f00000, 0x0000000100000000)
  eden space 239616K, 100% used [0x00000000e0000000,0x00000000eea00000,0x00000000eea00000)
  from space 40960K, 99% used [0x00000000eea00000,0x00000000f11ff210,0x00000000f1200000)
  to   space 53248K, 0% used [0x00000000f2b00000,0x00000000f2b00000,0x00000000f5f00000)
 ParOldGen       total 178688K, used 96077K [0x00000000a0000000, 0x00000000aae80000, 0x00000000e0000000)
  object space 178688K, 53% used [0x00000000a0000000,0x00000000a5dd37d8,0x00000000aae80000)
 Metaspace       used 116873K, capacity 120642K, committed 120832K, reserved 1155072K
  class space    used 14270K, capacity 14984K, committed 15104K, reserved 1048576K
Event: 3639.810 GC heap after
Heap after GC invocations=26 (full 4):
 PSYoungGen      total 284160K, used 53241K [0x00000000e0000000, 0x00000000f6080000, 0x0000000100000000)
  eden space 230912K, 0% used [0x00000000e0000000,0x00000000e0000000,0x00000000ee180000)
  from space 53248K, 99% used [0x00000000f2b00000,0x00000000f5efe650,0x00000000f5f00000)
  to   space 65024K, 0% used [0x00000000ee180000,0x00000000ee180000,0x00000000f2100000)
 ParOldGen       total 178688K, used 105600K [0x00000000a0000000, 0x00000000aae80000, 0x00000000e0000000)
  object space 178688K, 59% used [0x00000000a0000000,0x00000000a67200c0,0x00000000aae80000)
 Metaspace       used 116873K, capacity 120642K, committed 120832K, reserved 1155072K
  class space    used 14270K, capacity 14984K, committed 15104K, reserved 1048576K
}
Event: 5209.004 GC heap before
{Heap before GC invocations=27 (full 4):
 PSYoungGen      total 284160K, used 284153K [0x00000000e0000000, 0x00000000f6080000, 0x0000000100000000)
  eden space 230912K, 100% used [0x00000000e0000000,0x00000000ee180000,0x00000000ee180000)
  from space 53248K, 99% used [0x00000000f2b00000,0x00000000f5efe650,0x00000000f5f00000)
  to   space 65024K, 0% used [0x00000000ee180000,0x00000000ee180000,0x00000000f2100000)
 ParOldGen       total 178688K, used 105600K [0x00000000a0000000, 0x00000000aae80000, 0x00000000e0000000)
  object space 178688K, 59% used [0x00000000a0000000,0x00000000a67200c0,0x00000000aae80000)
 Metaspace       used 117501K, capacity 121818K, committed 121984K, reserved 1157120K
  class space    used 14359K, capacity 15136K, committed 15232K, reserved 1048576K
Event: 5210.816 GC heap after
Heap after GC invocations=27 (full 4):
 PSYoungGen      total 287744K, used 65015K [0x00000000e0000000, 0x00000000f7680000, 0x0000000100000000)
  eden space 222720K, 0% used [0x00000000e0000000,0x00000000e0000000,0x00000000ed980000)
  from space 65024K, 99% used [0x00000000ee180000,0x00000000f20fdff0,0x00000000f2100000)
  to   space 80384K, 0% used [0x00000000f2800000,0x00000000f2800000,0x00000000f7680000)
 ParOldGen       total 178688K, used 118016K [0x00000000a0000000, 0x00000000aae80000, 0x00000000e0000000)
  object space 178688K, 66% used [0x00000000a0000000,0x00000000a73403d8,0x00000000aae80000)
 Metaspace       used 117501K, capacity 121818K, committed 121984K, reserved 1157120K
  class space    used 14359K, capacity 15136K, committed 15232K, reserved 1048576K
}
Event: 5468.234 GC heap before
{Heap before GC invocations=28 (full 4):
 PSYoungGen      total 287744K, used 287735K [0x00000000e0000000, 0x00000000f7680000, 0x0000000100000000)
  eden space 222720K, 100% used [0x00000000e0000000,0x00000000ed980000,0x00000000ed980000)
  from space 65024K, 99% used [0x00000000ee180000,0x00000000f20fdff0,0x00000000f2100000)
  to   space 80384K, 0% used [0x00000000f2800000,0x00000000f2800000,0x00000000f7680000)
 ParOldGen       total 178688K, used 118016K [0x00000000a0000000, 0x00000000aae80000, 0x00000000e0000000)
  object space 178688K, 66% used [0x00000000a0000000,0x00000000a73403d8,0x00000000aae80000)
 Metaspace       used 123187K, capacity 127666K, committed 128000K, reserved 1161216K
  class space    used 14986K, capacity 15780K, committed 15872K, reserved 1048576K
Event: 5469.248 GC heap after
Heap after GC invocations=28 (full 4):
 PSYoungGen      total 292352K, used 73911K [0x00000000e0000000, 0x00000000f8380000, 0x0000000100000000)
  eden space 211968K, 0% used [0x00000000e0000000,0x00000000e0000000,0x00000000ecf00000)
  from space 80384K, 91% used [0x00000000f2800000,0x00000000f702dfd8,0x00000000f7680000)
  to   space 91136K, 0% used [0x00000000ecf00000,0x00000000ecf00000,0x00000000f2800000)
 ParOldGen       total 178688K, used 140419K [0x00000000a0000000, 0x00000000aae80000, 0x00000000e0000000)
  object space 178688K, 78% used [0x00000000a0000000,0x00000000a8920e60,0x00000000aae80000)
 Metaspace       used 123187K, capacity 127666K, committed 128000K, reserved 1161216K
  class space    used 14986K, capacity 15780K, committed 15872K, reserved 1048576K
}
Event: 5526.861 GC heap before
{Heap before GC invocations=29 (full 4):
 PSYoungGen      total 292352K, used 285879K [0x00000000e0000000, 0x00000000f8380000, 0x0000000100000000)
  eden space 211968K, 100% used [0x00000000e0000000,0x00000000ecf00000,0x00000000ecf00000)
  from space 80384K, 91% used [0x00000000f2800000,0x00000000f702dfd8,0x00000000f7680000)
  to   space 91136K, 0% used [0x00000000ecf00000,0x00000000ecf00000,0x00000000f2800000)
 ParOldGen       total 178688K, used 140419K [0x00000000a0000000, 0x00000000aae80000, 0x00000000e0000000)
  object space 178688K, 78% used [0x00000000a0000000,0x00000000a8920e60,0x00000000aae80000)
 Metaspace       used 128917K, capacity 133474K, committed 133760K, reserved 1167360K
  class space    used 15623K, capacity 16418K, committed 16512K, reserved 1048576K
Event: 5531.619 GC heap after
Heap after GC invocations=29 (full 4):
 PSYoungGen      total 303104K, used 91119K [0x00000000e0000000, 0x00000000fc300000, 0x0000000100000000)
  eden space 211968K, 0% used [0x00000000e0000000,0x00000000e0000000,0x00000000ecf00000)
  from space 91136K, 99% used [0x00000000ecf00000,0x00000000f27fbcb0,0x00000000f2800000)
  to   space 111104K, 0% used [0x00000000f5680000,0x00000000f5680000,0x00000000fc300000)
 ParOldGen       total 178688K, used 153650K [0x00000000a0000000, 0x00000000aae80000, 0x00000000e0000000)
  object space 178688K, 85% used [0x00000000a0000000,0x00000000a960cb20,0x00000000aae80000)
 Metaspace       used 128917K, capacity 133474K, committed 133760K, reserved 1167360K
  class space    used 15623K, capacity 16418K, committed 16512K, reserved 1048576K
}
Event: 5531.619 GC heap before
{Heap before GC invocations=30 (full 5):
 PSYoungGen      total 303104K, used 91119K [0x00000000e0000000, 0x00000000fc300000, 0x0000000100000000)
  eden space 211968K, 0% used [0x00000000e0000000,0x00000000e0000000,0x00000000ecf00000)
  from space 91136K, 99% used [0x00000000ecf00000,0x00000000f27fbcb0,0x00000000f2800000)
  to   space 111104K, 0% used [0x00000000f5680000,0x00000000f5680000,0x00000000fc300000)
 ParOldGen       total 178688K, used 153650K [0x00000000a0000000, 0x00000000aae80000, 0x00000000e0000000)
  object space 178688K, 85% used [0x00000000a0000000,0x00000000a960cb20,0x00000000aae80000)
 Metaspace       used 128917K, capacity 133474K, committed 133760K, reserved 1167360K
  class space    used 15623K, capacity 16418K, committed 16512K, reserved 1048576K

